<h1 style="background: #cccccc;color: #ffffff;padding: 5px;" class="monolog-output">DEBUG</h1><table cellspacing="1" width="100%" class="monolog-output"><tr style="padding: 4px;spacing: 0;text-align: left;">
<th style="background: #cccccc" width="100px">Message:</th>
<td style="padding: 4px;spacing: 0;text-align: left;background: #eeeeee"><pre>debug</pre></td>
</tr><tr style="padding: 4px;spacing: 0;text-align: left;">
<th style="background: #cccccc" width="100px">Time:</th>
<td style="padding: 4px;spacing: 0;text-align: left;background: #eeeeee"><pre>2018-05-04 03:51:12</pre></td>
</tr><tr style="padding: 4px;spacing: 0;text-align: left;">
<th style="background: #cccccc" width="100px">Channel:</th>
<td style="padding: 4px;spacing: 0;text-align: left;background: #eeeeee"><pre>youzan</pre></td>
</tr></table><h1 style="background: #468847;color: #ffffff;padding: 5px;" class="monolog-output">INFO</h1><table cellspacing="1" width="100%" class="monolog-output"><tr style="padding: 4px;spacing: 0;text-align: left;">
<th style="background: #cccccc" width="100px">Message:</th>
<td style="padding: 4px;spacing: 0;text-align: left;background: #eeeeee"><pre>info</pre></td>
</tr><tr style="padding: 4px;spacing: 0;text-align: left;">
<th style="background: #cccccc" width="100px">Time:</th>
<td style="padding: 4px;spacing: 0;text-align: left;background: #eeeeee"><pre>2018-05-04 03:51:12</pre></td>
</tr><tr style="padding: 4px;spacing: 0;text-align: left;">
<th style="background: #cccccc" width="100px">Channel:</th>
<td style="padding: 4px;spacing: 0;text-align: left;background: #eeeeee"><pre>youzan</pre></td>
</tr></table><h1 style="background: #c09853;color: #ffffff;padding: 5px;" class="monolog-output">WARNING</h1><table cellspacing="1" width="100%" class="monolog-output"><tr style="padding: 4px;spacing: 0;text-align: left;">
<th style="background: #cccccc" width="100px">Message:</th>
<td style="padding: 4px;spacing: 0;text-align: left;background: #eeeeee"><pre>warning</pre></td>
</tr><tr style="padding: 4px;spacing: 0;text-align: left;">
<th style="background: #cccccc" width="100px">Time:</th>
<td style="padding: 4px;spacing: 0;text-align: left;background: #eeeeee"><pre>2018-05-04 03:51:12</pre></td>
</tr><tr style="padding: 4px;spacing: 0;text-align: left;">
<th style="background: #cccccc" width="100px">Channel:</th>
<td style="padding: 4px;spacing: 0;text-align: left;background: #eeeeee"><pre>youzan</pre></td>
</tr></table>[2018-05-04 03:51:36] youzan.DEBUG: debug [] []
[2018-05-04 03:51:36] youzan.INFO: info [] []
[2018-05-04 03:51:36] youzan.WARNING: warning [] []
[2018-05-04 03:59:04] youzan.DEBUG: debug [] []
[2018-05-04 03:59:04] youzan.INFO: info [] []
[2018-05-04 03:59:04] youzan.WARNING: warning [] []
[2018-05-04 04:01:41] youzan.DEBUG: debug [] []
[2018-05-04 04:01:41] youzan.INFO: info [] []
[2018-05-04 04:01:41] youzan.WARNING: warning [] []
[2018-05-04 04:02:03] youzan.DEBUG: debug [] 
[2018-05-04 04:02:03] youzan.INFO: info [] 
[2018-05-04 04:02:03] youzan.WARNING: warning [] 
[2018-05-04 04:03:59] youzan.DEBUG: debug [] []
[2018-05-04 04:03:59] youzan.INFO: info [] []
[2018-05-04 04:03:59] youzan.WARNING: warning [] []
[2018-05-04 04:07:32] youzan.DEBUG: debug [] []
[2018-05-04 04:07:32] youzan.INFO: info [] []
[2018-05-04 04:07:32] youzan.WARNING: warning [] []
[2018-05-04 04:08:39] youzan.DEBUG: debug [] []
[2018-05-04 04:08:39] youzan.INFO: info [] []
[2018-05-04 04:08:39] youzan.WARNING: warning [] []
[2018-05-04 04:08:51] youzan.DEBUG: debug [] []
[2018-05-04 04:08:51] youzan.INFO: info [] []
[2018-05-04 04:08:51] youzan.WARNING: warning [] []
[2018-05-04 04:09:10] youzan.DEBUG: debug [] []
[2018-05-04 04:09:10] youzan.INFO: info [] []
[2018-05-04 04:09:10] youzan.WARNING: warning [] []
[2018-05-04 04:09:15] youzan.DEBUG: debug [] []
[2018-05-04 04:09:15] youzan.INFO: info [] []
[2018-05-04 04:09:15] youzan.WARNING: warning [] []
[2018-05-04 04:09:24] youzan.DEBUG: debug [] []
[2018-05-04 04:09:24] youzan.INFO: info [] []
[2018-05-04 04:09:24] youzan.WARNING: warning [] []
[2018-05-04 04:10:37] youzan.DEBUG: debug [] []
[2018-05-04 04:10:37] youzan.INFO: info [] []
[2018-05-04 04:10:37] youzan.WARNING: warning [] []
[2018-05-04 04:10:39] youzan.DEBUG: debug [] []
[2018-05-04 04:10:39] youzan.INFO: info [] []
[2018-05-04 04:10:39] youzan.WARNING: warning [] []
[2018-05-04 04:10:43] youzan.DEBUG: debug [] []
[2018-05-04 04:10:43] youzan.INFO: info [] []
[2018-05-04 04:10:43] youzan.WARNING: warning [] []
[2018-05-04 04:11:12] youzan.DEBUG: debug [] []
[2018-05-04 04:11:12] youzan.INFO: info [] []
[2018-05-04 04:11:12] youzan.WARNING: warning [] []
[2018-05-04 04:11:33] youzan.DEBUG: debug [] []
[2018-05-04 04:11:33] youzan.INFO: info [] []
[2018-05-04 04:11:33] youzan.WARNING: warning [] []
[2018-05-04 04:11:59] youzan.DEBUG: debug [] []
[2018-05-04 04:11:59] youzan.INFO: info [] []
[2018-05-04 04:11:59] youzan.WARNING: warning [] []
[2018-05-04 04:14:26] youzan.DEBUG: debug [] []
[2018-05-04 04:14:26] youzan.INFO: info [] []
[2018-05-04 04:14:26] youzan.WARNING: warning [] []
[2018-05-04 04:14:40] youzan.DEBUG: debug [] []
[2018-05-04 04:14:40] youzan.INFO: info [] []
[2018-05-04 04:14:40] youzan.WARNING: warning [] []
[2018-05-04 04:15:31] youzan.DEBUG: debug [] []
[2018-05-04 04:15:31] youzan.INFO: info [] []
[2018-05-04 04:15:31] youzan.WARNING: warning [] []
[2018-05-04 04:15:55] youzan.DEBUG: debug [] []
[2018-05-04 04:15:55] youzan.INFO: info [] []
[2018-05-04 04:15:55] youzan.WARNING: warning [] []
[2018-05-04 04:19:25] youzan.DEBUG: debug [] []
[2018-05-04 04:19:25] youzan.INFO: info [] []
[2018-05-04 04:19:25] youzan.WARNING: warning [] []
[2018-05-04 04:19:57] youzan.DEBUG: debug [] []
[2018-05-04 04:19:57] youzan.INFO: info [] []
[2018-05-04 04:19:57] youzan.WARNING: warning [] []
[2018-05-04 04:20:07] youzan.DEBUG: debug [] []
[2018-05-04 04:20:07] youzan.INFO: info [] []
[2018-05-04 04:20:07] youzan.WARNING: warning [] []
[2018-05-04 04:20:42] youzan.DEBUG: debug [] []
[2018-05-04 04:20:42] youzan.INFO: info [] []
[2018-05-04 04:20:42] youzan.WARNING: warning [] []
[2018-05-04 04:20:54] youzan.DEBUG: debug [] []
[2018-05-04 04:20:54] youzan.INFO: info [] []
[2018-05-04 04:20:54] youzan.WARNING: warning [] []
[2018-05-04 04:22:13] youzan.DEBUG: debug [] []
[2018-05-04 04:22:13] youzan.INFO: info [] []
[2018-05-04 04:22:13] youzan.WARNING: warning [] []
